{"D:\\WORK\\Documents\\link\\api\\api.js": {"path":"D:\\WORK\\Documents\\link\\api\\api.js","statementMap":{"0":{"start":{"line":1,"column":13},"end":{"line":1,"column":28}},"1":{"start":{"line":2,"column":16},"end":{"line":2,"column":34}},"2":{"start":{"line":3,"column":16},"end":{"line":3,"column":34}},"3":{"start":{"line":4,"column":15},"end":{"line":4,"column":37}},"4":{"start":{"line":6,"column":12},"end":{"line":6,"column":21}},"5":{"start":{"line":8,"column":12},"end":{"line":92,"column":1}},"6":{"start":{"line":10,"column":4},"end":{"line":10,"column":31}},"7":{"start":{"line":11,"column":4},"end":{"line":11,"column":33}},"8":{"start":{"line":12,"column":4},"end":{"line":12,"column":23}},"9":{"start":{"line":16,"column":4},"end":{"line":30,"column":6}},"10":{"start":{"line":17,"column":6},"end":{"line":19,"column":7}},"11":{"start":{"line":18,"column":8},"end":{"line":18,"column":76}},"12":{"start":{"line":21,"column":6},"end":{"line":27,"column":7}},"13":{"start":{"line":22,"column":8},"end":{"line":24,"column":9}},"14":{"start":{"line":22,"column":25},"end":{"line":22,"column":26}},"15":{"start":{"line":23,"column":10},"end":{"line":23,"column":38}},"16":{"start":{"line":26,"column":8},"end":{"line":26,"column":48}},"17":{"start":{"line":29,"column":6},"end":{"line":29,"column":27}},"18":{"start":{"line":33,"column":47},"end":{"line":33,"column":66}},"19":{"start":{"line":34,"column":4},"end":{"line":81,"column":6}},"20":{"start":{"line":35,"column":6},"end":{"line":35,"column":28}},"21":{"start":{"line":37,"column":6},"end":{"line":78,"column":7}},"22":{"start":{"line":38,"column":24},"end":{"line":38,"column":74}},"23":{"start":{"line":39,"column":21},"end":{"line":39,"column":35}},"24":{"start":{"line":40,"column":23},"end":{"line":40,"column":44}},"25":{"start":{"line":41,"column":22},"end":{"line":41,"column":29}},"26":{"start":{"line":42,"column":26},"end":{"line":42,"column":28}},"27":{"start":{"line":43,"column":25},"end":{"line":43,"column":29}},"28":{"start":{"line":45,"column":8},"end":{"line":58,"column":9}},"29":{"start":{"line":46,"column":25},"end":{"line":46,"column":41}},"30":{"start":{"line":48,"column":10},"end":{"line":55,"column":11}},"31":{"start":{"line":49,"column":12},"end":{"line":49,"column":132}},"32":{"start":{"line":50,"column":17},"end":{"line":55,"column":11}},"33":{"start":{"line":51,"column":12},"end":{"line":51,"column":45}},"34":{"start":{"line":53,"column":12},"end":{"line":53,"column":61}},"35":{"start":{"line":54,"column":12},"end":{"line":54,"column":75}},"36":{"start":{"line":57,"column":10},"end":{"line":57,"column":40}},"37":{"start":{"line":60,"column":8},"end":{"line":60,"column":38}},"38":{"start":{"line":62,"column":8},"end":{"line":77,"column":9}},"39":{"start":{"line":63,"column":10},"end":{"line":67,"column":11}},"40":{"start":{"line":63,"column":27},"end":{"line":63,"column":28}},"41":{"start":{"line":64,"column":12},"end":{"line":66,"column":13}},"42":{"start":{"line":65,"column":14},"end":{"line":65,"column":79}},"43":{"start":{"line":69,"column":10},"end":{"line":71,"column":11}},"44":{"start":{"line":70,"column":12},"end":{"line":70,"column":61}},"45":{"start":{"line":73,"column":10},"end":{"line":73,"column":54}},"46":{"start":{"line":76,"column":10},"end":{"line":76,"column":49}},"47":{"start":{"line":80,"column":6},"end":{"line":80,"column":27}},"48":{"start":{"line":85,"column":4},"end":{"line":90,"column":6}},"49":{"start":{"line":86,"column":6},"end":{"line":89,"column":8}},"50":{"start":{"line":87,"column":8},"end":{"line":87,"column":43}},"51":{"start":{"line":88,"column":8},"end":{"line":88,"column":29}},"52":{"start":{"line":94,"column":0},"end":{"line":98,"column":1}}},"fnMap":{"0":{"name":"(anonymous_0)","decl":{"start":{"line":9,"column":2},"end":{"line":9,"column":3}},"loc":{"start":{"line":9,"column":16},"end":{"line":13,"column":3}},"line":9},"1":{"name":"(anonymous_1)","decl":{"start":{"line":15,"column":2},"end":{"line":15,"column":3}},"loc":{"start":{"line":15,"column":25},"end":{"line":31,"column":3}},"line":15},"2":{"name":"(anonymous_2)","decl":{"start":{"line":16,"column":23},"end":{"line":16,"column":24}},"loc":{"start":{"line":16,"column":44},"end":{"line":30,"column":5}},"line":16},"3":{"name":"(anonymous_3)","decl":{"start":{"line":33,"column":2},"end":{"line":33,"column":3}},"loc":{"start":{"line":33,"column":72},"end":{"line":82,"column":3}},"line":33},"4":{"name":"(anonymous_4)","decl":{"start":{"line":33,"column":31},"end":{"line":33,"column":32}},"loc":{"start":{"line":33,"column":45},"end":{"line":33,"column":68}},"line":33},"5":{"name":"(anonymous_5)","decl":{"start":{"line":34,"column":23},"end":{"line":34,"column":24}},"loc":{"start":{"line":34,"column":44},"end":{"line":81,"column":5}},"line":34},"6":{"name":"(anonymous_6)","decl":{"start":{"line":84,"column":2},"end":{"line":84,"column":3}},"loc":{"start":{"line":84,"column":15},"end":{"line":91,"column":3}},"line":84},"7":{"name":"(anonymous_7)","decl":{"start":{"line":85,"column":23},"end":{"line":85,"column":24}},"loc":{"start":{"line":85,"column":36},"end":{"line":90,"column":5}},"line":85},"8":{"name":"(anonymous_8)","decl":{"start":{"line":86,"column":23},"end":{"line":86,"column":24}},"loc":{"start":{"line":86,"column":29},"end":{"line":89,"column":7}},"line":86}},"branchMap":{"0":{"loc":{"start":{"line":15,"column":7},"end":{"line":15,"column":23}},"type":"default-arg","locations":[{"start":{"line":15,"column":21},"end":{"line":15,"column":23}}],"line":15},"1":{"loc":{"start":{"line":17,"column":6},"end":{"line":19,"column":7}},"type":"if","locations":[{"start":{"line":17,"column":6},"end":{"line":19,"column":7}},{"start":{"line":17,"column":6},"end":{"line":19,"column":7}}],"line":17},"2":{"loc":{"start":{"line":33,"column":10},"end":{"line":33,"column":70}},"type":"default-arg","locations":[{"start":{"line":33,"column":20},"end":{"line":33,"column":70}}],"line":33},"3":{"loc":{"start":{"line":45,"column":8},"end":{"line":58,"column":9}},"type":"if","locations":[{"start":{"line":45,"column":8},"end":{"line":58,"column":9}},{"start":{"line":45,"column":8},"end":{"line":58,"column":9}}],"line":45},"4":{"loc":{"start":{"line":48,"column":10},"end":{"line":55,"column":11}},"type":"if","locations":[{"start":{"line":48,"column":10},"end":{"line":55,"column":11}},{"start":{"line":48,"column":10},"end":{"line":55,"column":11}}],"line":48},"5":{"loc":{"start":{"line":50,"column":17},"end":{"line":55,"column":11}},"type":"if","locations":[{"start":{"line":50,"column":17},"end":{"line":55,"column":11}},{"start":{"line":50,"column":17},"end":{"line":55,"column":11}}],"line":50},"6":{"loc":{"start":{"line":64,"column":12},"end":{"line":66,"column":13}},"type":"if","locations":[{"start":{"line":64,"column":12},"end":{"line":66,"column":13}},{"start":{"line":64,"column":12},"end":{"line":66,"column":13}}],"line":64},"7":{"loc":{"start":{"line":69,"column":10},"end":{"line":71,"column":11}},"type":"if","locations":[{"start":{"line":69,"column":10},"end":{"line":71,"column":11}},{"start":{"line":69,"column":10},"end":{"line":71,"column":11}}],"line":69}},"s":{"0":3,"1":3,"2":3,"3":3,"4":3,"5":3,"6":3,"7":3,"8":3,"9":7,"10":7,"11":2,"12":5,"13":5,"14":5,"15":2,"16":1,"17":4,"18":0,"19":5,"20":5,"21":5,"22":5,"23":5,"24":5,"25":5,"26":5,"27":5,"28":5,"29":4,"30":4,"31":1,"32":3,"33":1,"34":2,"35":2,"36":1,"37":4,"38":4,"39":4,"40":4,"41":2,"42":1,"43":4,"44":2,"45":3,"46":1,"47":3,"48":1,"49":1,"50":1,"51":1,"52":3},"f":{"0":3,"1":7,"2":7,"3":5,"4":0,"5":5,"6":1,"7":1,"8":1},"b":{"0":[2],"1":[2,5],"2":[1],"3":[4,1],"4":[1,3],"5":[1,2],"6":[1,1],"7":[2,2]},"_coverageSchema":"43e27e138ebf9cfc5966b082cf9a028302ed4184","hash":"a851beee3321cfc14007e7c09318d8f42856282d"}
}
