{"C:\\Users\\Carlos\\Documents\\projects\\Github\\phentom\\perspectiva\\api.js": {"path":"C:\\Users\\Carlos\\Documents\\projects\\Github\\phentom\\perspectiva\\api.js","statementMap":{"0":{"start":{"line":1,"column":13},"end":{"line":1,"column":28}},"1":{"start":{"line":2,"column":16},"end":{"line":2,"column":34}},"2":{"start":{"line":3,"column":16},"end":{"line":3,"column":34}},"3":{"start":{"line":4,"column":15},"end":{"line":4,"column":37}},"4":{"start":{"line":7,"column":24},"end":{"line":7,"column":47}},"5":{"start":{"line":10,"column":2},"end":{"line":21,"column":21}},"6":{"start":{"line":11,"column":16},"end":{"line":11,"column":27}},"7":{"start":{"line":13,"column":4},"end":{"line":13,"column":70}},"8":{"start":{"line":13,"column":54},"end":{"line":13,"column":67}},"9":{"start":{"line":15,"column":22},"end":{"line":15,"column":53}},"10":{"start":{"line":16,"column":4},"end":{"line":20,"column":5}},"11":{"start":{"line":17,"column":6},"end":{"line":17,"column":51}},"12":{"start":{"line":19,"column":6},"end":{"line":19,"column":44}},"13":{"start":{"line":19,"column":38},"end":{"line":19,"column":44}},"14":{"start":{"line":23,"column":2},"end":{"line":23,"column":42}},"15":{"start":{"line":25,"column":2},"end":{"line":25,"column":34}},"16":{"start":{"line":28,"column":12},"end":{"line":28,"column":21}},"17":{"start":{"line":30,"column":12},"end":{"line":120,"column":1}},"18":{"start":{"line":32,"column":4},"end":{"line":32,"column":31}},"19":{"start":{"line":33,"column":4},"end":{"line":33,"column":33}},"20":{"start":{"line":34,"column":4},"end":{"line":34,"column":23}},"21":{"start":{"line":38,"column":20},"end":{"line":38,"column":38}},"22":{"start":{"line":39,"column":4},"end":{"line":57,"column":6}},"23":{"start":{"line":40,"column":6},"end":{"line":42,"column":7}},"24":{"start":{"line":41,"column":8},"end":{"line":41,"column":76}},"25":{"start":{"line":44,"column":6},"end":{"line":54,"column":7}},"26":{"start":{"line":45,"column":8},"end":{"line":51,"column":9}},"27":{"start":{"line":45,"column":25},"end":{"line":45,"column":26}},"28":{"start":{"line":46,"column":10},"end":{"line":50,"column":11}},"29":{"start":{"line":47,"column":12},"end":{"line":47,"column":65}},"30":{"start":{"line":49,"column":12},"end":{"line":49,"column":40}},"31":{"start":{"line":53,"column":8},"end":{"line":53,"column":48}},"32":{"start":{"line":56,"column":6},"end":{"line":56,"column":27}},"33":{"start":{"line":60,"column":47},"end":{"line":60,"column":66}},"34":{"start":{"line":61,"column":20},"end":{"line":61,"column":38}},"35":{"start":{"line":63,"column":4},"end":{"line":109,"column":6}},"36":{"start":{"line":64,"column":6},"end":{"line":64,"column":28}},"37":{"start":{"line":66,"column":6},"end":{"line":106,"column":7}},"38":{"start":{"line":67,"column":21},"end":{"line":67,"column":35}},"39":{"start":{"line":68,"column":23},"end":{"line":68,"column":44}},"40":{"start":{"line":69,"column":22},"end":{"line":69,"column":29}},"41":{"start":{"line":70,"column":26},"end":{"line":70,"column":28}},"42":{"start":{"line":71,"column":25},"end":{"line":71,"column":29}},"43":{"start":{"line":73,"column":8},"end":{"line":86,"column":9}},"44":{"start":{"line":74,"column":25},"end":{"line":74,"column":41}},"45":{"start":{"line":76,"column":10},"end":{"line":83,"column":11}},"46":{"start":{"line":77,"column":12},"end":{"line":77,"column":132}},"47":{"start":{"line":78,"column":17},"end":{"line":83,"column":11}},"48":{"start":{"line":79,"column":12},"end":{"line":79,"column":45}},"49":{"start":{"line":81,"column":12},"end":{"line":81,"column":61}},"50":{"start":{"line":82,"column":12},"end":{"line":82,"column":75}},"51":{"start":{"line":85,"column":10},"end":{"line":85,"column":40}},"52":{"start":{"line":88,"column":8},"end":{"line":88,"column":38}},"53":{"start":{"line":90,"column":8},"end":{"line":105,"column":9}},"54":{"start":{"line":91,"column":10},"end":{"line":95,"column":11}},"55":{"start":{"line":91,"column":27},"end":{"line":91,"column":28}},"56":{"start":{"line":92,"column":12},"end":{"line":94,"column":13}},"57":{"start":{"line":93,"column":14},"end":{"line":93,"column":79}},"58":{"start":{"line":97,"column":10},"end":{"line":99,"column":11}},"59":{"start":{"line":98,"column":12},"end":{"line":98,"column":61}},"60":{"start":{"line":101,"column":10},"end":{"line":101,"column":54}},"61":{"start":{"line":104,"column":10},"end":{"line":104,"column":49}},"62":{"start":{"line":108,"column":6},"end":{"line":108,"column":27}},"63":{"start":{"line":113,"column":4},"end":{"line":118,"column":6}},"64":{"start":{"line":114,"column":6},"end":{"line":117,"column":8}},"65":{"start":{"line":115,"column":8},"end":{"line":115,"column":43}},"66":{"start":{"line":116,"column":8},"end":{"line":116,"column":29}},"67":{"start":{"line":122,"column":0},"end":{"line":126,"column":1}}},"fnMap":{"0":{"name":"_getCallerFolder","decl":{"start":{"line":6,"column":9},"end":{"line":6,"column":25}},"loc":{"start":{"line":6,"column":28},"end":{"line":26,"column":1}},"line":6},"1":{"name":"(anonymous_1)","decl":{"start":{"line":13,"column":30},"end":{"line":13,"column":31}},"loc":{"start":{"line":13,"column":52},"end":{"line":13,"column":69}},"line":13},"2":{"name":"(anonymous_2)","decl":{"start":{"line":31,"column":2},"end":{"line":31,"column":3}},"loc":{"start":{"line":31,"column":16},"end":{"line":35,"column":3}},"line":31},"3":{"name":"(anonymous_3)","decl":{"start":{"line":37,"column":2},"end":{"line":37,"column":3}},"loc":{"start":{"line":37,"column":25},"end":{"line":58,"column":3}},"line":37},"4":{"name":"(anonymous_4)","decl":{"start":{"line":39,"column":23},"end":{"line":39,"column":24}},"loc":{"start":{"line":39,"column":44},"end":{"line":57,"column":5}},"line":39},"5":{"name":"(anonymous_5)","decl":{"start":{"line":60,"column":2},"end":{"line":60,"column":3}},"loc":{"start":{"line":60,"column":72},"end":{"line":110,"column":3}},"line":60},"6":{"name":"(anonymous_6)","decl":{"start":{"line":60,"column":31},"end":{"line":60,"column":32}},"loc":{"start":{"line":60,"column":45},"end":{"line":60,"column":68}},"line":60},"7":{"name":"(anonymous_7)","decl":{"start":{"line":63,"column":23},"end":{"line":63,"column":24}},"loc":{"start":{"line":63,"column":44},"end":{"line":109,"column":5}},"line":63},"8":{"name":"(anonymous_8)","decl":{"start":{"line":112,"column":2},"end":{"line":112,"column":3}},"loc":{"start":{"line":112,"column":15},"end":{"line":119,"column":3}},"line":112},"9":{"name":"(anonymous_9)","decl":{"start":{"line":113,"column":23},"end":{"line":113,"column":24}},"loc":{"start":{"line":113,"column":36},"end":{"line":118,"column":5}},"line":113},"10":{"name":"(anonymous_10)","decl":{"start":{"line":114,"column":23},"end":{"line":114,"column":24}},"loc":{"start":{"line":114,"column":29},"end":{"line":117,"column":7}},"line":114}},"branchMap":{"0":{"loc":{"start":{"line":19,"column":6},"end":{"line":19,"column":44}},"type":"if","locations":[{"start":{"line":19,"column":6},"end":{"line":19,"column":44}},{"start":{"line":19,"column":6},"end":{"line":19,"column":44}}],"line":19},"1":{"loc":{"start":{"line":37,"column":7},"end":{"line":37,"column":23}},"type":"default-arg","locations":[{"start":{"line":37,"column":21},"end":{"line":37,"column":23}}],"line":37},"2":{"loc":{"start":{"line":40,"column":6},"end":{"line":42,"column":7}},"type":"if","locations":[{"start":{"line":40,"column":6},"end":{"line":42,"column":7}},{"start":{"line":40,"column":6},"end":{"line":42,"column":7}}],"line":40},"3":{"loc":{"start":{"line":46,"column":10},"end":{"line":50,"column":11}},"type":"if","locations":[{"start":{"line":46,"column":10},"end":{"line":50,"column":11}},{"start":{"line":46,"column":10},"end":{"line":50,"column":11}}],"line":46},"4":{"loc":{"start":{"line":60,"column":10},"end":{"line":60,"column":70}},"type":"default-arg","locations":[{"start":{"line":60,"column":20},"end":{"line":60,"column":70}}],"line":60},"5":{"loc":{"start":{"line":73,"column":8},"end":{"line":86,"column":9}},"type":"if","locations":[{"start":{"line":73,"column":8},"end":{"line":86,"column":9}},{"start":{"line":73,"column":8},"end":{"line":86,"column":9}}],"line":73},"6":{"loc":{"start":{"line":76,"column":10},"end":{"line":83,"column":11}},"type":"if","locations":[{"start":{"line":76,"column":10},"end":{"line":83,"column":11}},{"start":{"line":76,"column":10},"end":{"line":83,"column":11}}],"line":76},"7":{"loc":{"start":{"line":78,"column":17},"end":{"line":83,"column":11}},"type":"if","locations":[{"start":{"line":78,"column":17},"end":{"line":83,"column":11}},{"start":{"line":78,"column":17},"end":{"line":83,"column":11}}],"line":78},"8":{"loc":{"start":{"line":92,"column":12},"end":{"line":94,"column":13}},"type":"if","locations":[{"start":{"line":92,"column":12},"end":{"line":94,"column":13}},{"start":{"line":92,"column":12},"end":{"line":94,"column":13}}],"line":92},"9":{"loc":{"start":{"line":97,"column":10},"end":{"line":99,"column":11}},"type":"if","locations":[{"start":{"line":97,"column":10},"end":{"line":99,"column":11}},{"start":{"line":97,"column":10},"end":{"line":99,"column":11}}],"line":97}},"s":{"0":3,"1":3,"2":3,"3":3,"4":12,"5":12,"6":12,"7":12,"8":12,"9":12,"10":12,"11":24,"12":24,"13":12,"14":12,"15":12,"16":3,"17":3,"18":3,"19":3,"20":3,"21":7,"22":7,"23":7,"24":2,"25":5,"26":5,"27":5,"28":2,"29":1,"30":1,"31":1,"32":4,"33":0,"34":5,"35":5,"36":5,"37":5,"38":5,"39":5,"40":5,"41":5,"42":5,"43":5,"44":4,"45":4,"46":1,"47":3,"48":1,"49":2,"50":2,"51":1,"52":4,"53":4,"54":4,"55":4,"56":2,"57":1,"58":4,"59":2,"60":3,"61":1,"62":3,"63":1,"64":1,"65":1,"66":1,"67":3},"f":{"0":12,"1":12,"2":3,"3":7,"4":7,"5":5,"6":0,"7":5,"8":1,"9":1,"10":1},"b":{"0":[12,12],"1":[2],"2":[2,5],"3":[1,1],"4":[1],"5":[4,1],"6":[1,3],"7":[1,2],"8":[1,1],"9":[2,2]},"_coverageSchema":"43e27e138ebf9cfc5966b082cf9a028302ed4184","hash":"377ba0f28deee27a2273da05e07748a51f5d1ede"}
}
