TN:
SF:D:\WORK\Documents\link\api\api.js
FN:9,(anonymous_0)
FN:15,(anonymous_1)
FN:16,(anonymous_2)
FN:33,(anonymous_3)
FN:33,(anonymous_4)
FN:34,(anonymous_5)
FN:84,(anonymous_6)
FN:85,(anonymous_7)
FN:86,(anonymous_8)
FNF:9
FNH:8
FNDA:3,(anonymous_0)
FNDA:7,(anonymous_1)
FNDA:7,(anonymous_2)
FNDA:5,(anonymous_3)
FNDA:0,(anonymous_4)
FNDA:5,(anonymous_5)
FNDA:1,(anonymous_6)
FNDA:1,(anonymous_7)
FNDA:1,(anonymous_8)
DA:1,3
DA:2,3
DA:3,3
DA:4,3
DA:6,3
DA:8,3
DA:10,3
DA:11,3
DA:12,3
DA:16,7
DA:17,7
DA:18,2
DA:21,5
DA:22,5
DA:23,2
DA:26,1
DA:29,4
DA:33,0
DA:34,5
DA:35,5
DA:37,5
DA:38,5
DA:39,5
DA:40,5
DA:41,5
DA:42,5
DA:43,5
DA:45,5
DA:46,4
DA:48,4
DA:49,1
DA:50,3
DA:51,1
DA:53,2
DA:54,2
DA:57,1
DA:60,4
DA:62,4
DA:63,4
DA:64,2
DA:65,1
DA:69,4
DA:70,2
DA:73,3
DA:76,1
DA:80,3
DA:85,1
DA:86,1
DA:87,1
DA:88,1
DA:94,3
LF:51
LH:50
BRDA:15,0,0,2
BRDA:17,1,0,2
BRDA:17,1,1,5
BRDA:33,2,0,1
BRDA:45,3,0,4
BRDA:45,3,1,1
BRDA:48,4,0,1
BRDA:48,4,1,3
BRDA:50,5,0,1
BRDA:50,5,1,2
BRDA:64,6,0,1
BRDA:64,6,1,1
BRDA:69,7,0,2
BRDA:69,7,1,2
BRF:14
BRH:14
end_of_record
