TN:
SF:C:\Users\Carlos\Documents\projects\Github\phentom\perspectiva\api.js
FN:6,_getCallerFolder
FN:13,(anonymous_1)
FN:31,(anonymous_2)
FN:37,(anonymous_3)
FN:39,(anonymous_4)
FN:60,(anonymous_5)
FN:60,(anonymous_6)
FN:63,(anonymous_7)
FN:112,(anonymous_8)
FN:113,(anonymous_9)
FN:114,(anonymous_10)
FNF:11
FNH:10
FNDA:12,_getCallerFolder
FNDA:12,(anonymous_1)
FNDA:3,(anonymous_2)
FNDA:7,(anonymous_3)
FNDA:7,(anonymous_4)
FNDA:5,(anonymous_5)
FNDA:0,(anonymous_6)
FNDA:5,(anonymous_7)
FNDA:1,(anonymous_8)
FNDA:1,(anonymous_9)
FNDA:1,(anonymous_10)
DA:1,3
DA:2,3
DA:3,3
DA:4,3
DA:7,12
DA:10,12
DA:11,12
DA:13,12
DA:15,12
DA:16,12
DA:17,24
DA:19,24
DA:23,12
DA:25,12
DA:28,3
DA:30,3
DA:32,3
DA:33,3
DA:34,3
DA:38,7
DA:39,7
DA:40,7
DA:41,2
DA:44,5
DA:45,5
DA:46,2
DA:47,1
DA:49,1
DA:53,1
DA:56,4
DA:60,0
DA:61,5
DA:63,5
DA:64,5
DA:66,5
DA:67,5
DA:68,5
DA:69,5
DA:70,5
DA:71,5
DA:73,5
DA:74,4
DA:76,4
DA:77,1
DA:78,3
DA:79,1
DA:81,2
DA:82,2
DA:85,1
DA:88,4
DA:90,4
DA:91,4
DA:92,2
DA:93,1
DA:97,4
DA:98,2
DA:101,3
DA:104,1
DA:108,3
DA:113,1
DA:114,1
DA:115,1
DA:116,1
DA:122,3
LF:64
LH:63
BRDA:19,0,0,12
BRDA:19,0,1,12
BRDA:37,1,0,2
BRDA:40,2,0,2
BRDA:40,2,1,5
BRDA:46,3,0,1
BRDA:46,3,1,1
BRDA:60,4,0,1
BRDA:73,5,0,4
BRDA:73,5,1,1
BRDA:76,6,0,1
BRDA:76,6,1,3
BRDA:78,7,0,1
BRDA:78,7,1,2
BRDA:92,8,0,1
BRDA:92,8,1,1
BRDA:97,9,0,2
BRDA:97,9,1,2
BRF:18
BRH:18
end_of_record
